<?xml version="1.0" encoding="UTF-8"?>
<!-- Generated by org.testng.reporters.JUnitXMLReporter -->
<testsuite ignored="0" hostname="EC2AMAZ-S11DBRH" failures="0" tests="3" name="Default test" time="1.33" errors="0" timestamp="2023-12-14T07:00:48 GMT">
  <testcase classname="TestScript.PlaceOrderTest" name="validLogin" time="0.066"/>
  <testcase classname="TestScript.PlaceOrderTest" name="addItem" time="0.264"/>
  <testcase classname="TestScript.PlaceOrderTest" name="checkoutTest" time="0.078"/>
</testsuite> <!-- Default test -->
