<?xml version="1.0" encoding="UTF-8"?>
<testng-results ignored="0" total="3" passed="3" failed="0" skipped="0">
  <reporter-output>
  </reporter-output>
  <suite started-at="2023-12-14T07:00:47 GMT" name="Default suite" finished-at="2023-12-14T07:00:48 GMT" duration-ms="1330">
    <groups>
    </groups>
    <test started-at="2023-12-14T07:00:47 GMT" name="Default test" finished-at="2023-12-14T07:00:48 GMT" duration-ms="1330">
      <class name="TestScript.PlaceOrderTest">
        <test-method is-config="true" signature="setup()[pri:0, instance:TestScript.PlaceOrderTest@750fe12e]" started-at="2023-12-14T07:00:47 GMT" name="setup" finished-at="2023-12-14T07:00:48 GMT" duration-ms="873" status="PASS">
          <reporter-output>
          </reporter-output>
        </test-method> <!-- setup -->
        <test-method signature="validLogin()[pri:1, instance:TestScript.PlaceOrderTest@750fe12e]" started-at="2023-12-14T07:00:48 GMT" name="validLogin" finished-at="2023-12-14T07:00:48 GMT" duration-ms="66" status="PASS">
          <reporter-output>
          </reporter-output>
        </test-method> <!-- validLogin -->
        <test-method signature="addItem()[pri:2, instance:TestScript.PlaceOrderTest@750fe12e]" started-at="2023-12-14T07:00:48 GMT" name="addItem" finished-at="2023-12-14T07:00:48 GMT" duration-ms="264" status="PASS">
          <reporter-output>
          </reporter-output>
        </test-method> <!-- addItem -->
        <test-method signature="checkoutTest()[pri:3, instance:TestScript.PlaceOrderTest@750fe12e]" started-at="2023-12-14T07:00:48 GMT" name="checkoutTest" finished-at="2023-12-14T07:00:48 GMT" duration-ms="78" status="PASS">
          <reporter-output>
          </reporter-output>
        </test-method> <!-- checkoutTest -->
      </class> <!-- TestScript.PlaceOrderTest -->
    </test> <!-- Default test -->
  </suite> <!-- Default suite -->
</testng-results>
